d:\新文档\visual studio 2015\projects\mini_project_process\mini_project_process\debug\vc140.pdb
d:\新文档\visual studio 2015\projects\mini_project_process\mini_project_process\debug\vc140.idb
d:\新文档\visual studio 2015\projects\mini_project_process\mini_project_process\debug\main.obj
d:\新文档\visual studio 2015\projects\mini_project_process\debug\mini_project.ilk
d:\新文档\visual studio 2015\projects\mini_project_process\debug\mini_project.exe
d:\新文档\visual studio 2015\projects\mini_project_process\debug\mini_project.pdb
d:\新桌面\mini_project\mini_project_process\debug\gsrc.obj
d:\新桌面\mini_project\mini_project_process\debug\main.obj
d:\新桌面\mini_project\mini_project_process\debug\mpp.obj
d:\新桌面\mini_project\mini_project_process\debug\opengl ex 1.obj
d:\新桌面\mini_project\mini_project_process\debug\opengl ex 2.obj
d:\新桌面\mini_project\mini_project_process\debug\opengl ex 3.obj
d:\新桌面\mini_project\mini_project_process\debug\shadow.obj
d:\新桌面\mini_project\mini_project_process\debug\stb_image.obj
d:\新桌面\mini_project\mini_project_process\debug\vc140.idb
d:\新桌面\mini_project\mini_project_process\debug\vc140.pdb
d:\新桌面\mini_project\debug\mini_project.pdb
d:\新桌面\mini_project\debug\mini_project.exe
d:\新桌面\mini_project\debug\mini_project.ilk
d:\新桌面\mini_project\mini_project_process\debug\mini_project.tlog\cl.command.1.tlog
d:\新桌面\mini_project\mini_project_process\debug\mini_project.tlog\cl.read.1.tlog
d:\新桌面\mini_project\mini_project_process\debug\mini_project.tlog\cl.write.1.tlog
d:\新桌面\mini_project\mini_project_process\debug\mini_project.tlog\link.command.1.tlog
d:\新桌面\mini_project\mini_project_process\debug\mini_project.tlog\link.read.1.tlog
d:\新桌面\mini_project\mini_project_process\debug\mini_project.tlog\link.write.1.tlog
